<html>
<head>
<title>TestNG:  Test</title>
<link href="../testng.css" rel="stylesheet" type="text/css" />
<link href="../my-testng.css" rel="stylesheet" type="text/css" />

<style type="text/css">
.log { display: none;} 
.stack-trace { display: none;} 
</style>
<script type="text/javascript">
<!--
function flip(e) {
  current = e.style.display;
  if (current == 'block') {
    e.style.display = 'none';
    return 0;
  }
  else {
    e.style.display = 'block';
    return 1;
  }
}

function toggleBox(szDivId, elem, msg1, msg2)
{
  var res = -1;  if (document.getElementById) {
    res = flip(document.getElementById(szDivId));
  }
  else if (document.all) {
    // this is the way old msie versions work
    res = flip(document.all[szDivId]);
  }
  if(elem) {
    if(res == 0) elem.innerHTML = msg1; else elem.innerHTML = msg2;
  }

}

function toggleAllBoxes() {
  if (document.getElementsByTagName) {
    d = document.getElementsByTagName('div');
    for (i = 0; i < d.length; i++) {
      if (d[i].className == 'log') {
        flip(d[i]);
      }
    }
  }
}

// -->
</script>

</head>
<body>
<h2 align='center'>Test</h2><table border='1' align="center">
<tr>
<td>Tests passed/Failed/Skipped:</td><td>9/1/0</td>
</tr><tr>
<td>Started on:</td><td>Wed Dec 27 12:41:33 IST 2023</td>
</tr>
<tr><td>Total time:</td><td>192 seconds (192738 ms)</td>
</tr><tr>
<td>Included groups:</td><td></td>
</tr><tr>
<td>Excluded groups:</td><td></td>
</tr>
</table><p/>
<small><i>(Hover the method name to see the test class name)</i></small><p/>
<table width='100%' border='1' class='invocation-failed'>
<tr><td colspan='4' align='center'><b>FAILED TESTS</b></td></tr>
<tr><td><b>Test method</b></td>
<td width="30%"><b>Exception</b></td>
<td width="10%"><b>Time (seconds)</b></td>
<td><b>Instance</b></td>
</tr>
<tr>
<td title='advanceSelenium.TC_DWS_010.toCheckWishlistPage()'><b>toCheckWishlistPage</b><br>Test class: advanceSelenium.TC_DWS_010<br/>
<a href="#Output-1945915791" onClick='toggleBox("Output-1945915791", this, "Show output", "Hide output");'>Show output</a>

<a href="#Output-1945915791" onClick="toggleAllBoxes();">Show all outputs</a>
<div class='log' id="Output-1945915791">
TstCase 010 got executed Successfully<br/>
</div>
</td>
<td><div><pre>org.openqa.selenium.NoSuchElementException: no such element: Unable to locate element: {&quot;method&quot;:&quot;xpath&quot;,&quot;selector&quot;:&quot;//h1[text()=&apos;Wishlist&apos;]&quot;}
  (Session info: chrome=120.0.6099.130)
For documentation on this error, please visit: https://www.selenium.dev/documentation/webdriver/troubleshooting/errors#no-such-element-exception
Build info: version: &apos;4.12.1&apos;, revision: &apos;8e34639b11&apos;
System info: os.name: &apos;Windows 10&apos;, os.arch: &apos;amd64&apos;, os.version: &apos;10.0&apos;, java.version: &apos;17.0.9&apos;
Driver info: org.openqa.selenium.chrome.ChromeDriver
Command: [aa80552d6cef454ff0d27af7354f57ff, findElement {using=xpath, value=//h1[text()=&apos;Wishlist&apos;]}]
Capabilities {acceptInsecureCerts: false, browserName: chrome, browserVersion: 120.0.6099.130, chrome: {chromedriverVersion: 120.0.6099.109 (3419140ab66..., userDataDir: C:\Users\Karan\AppData\Loca...}, fedcm:accounts: true, goog:chromeOptions: {debuggerAddress: localhost:59806}, networkConnectionEnabled: false, pageLoadStrategy: normal, platformName: windows, proxy: Proxy(), se:cdp: ws://localhost:59806/devtoo..., se:cdpVersion: 120.0.6099.130, setWindowRect: true, strictFileInteractability: false, timeouts: {implicit: 0, pageLoad: 300000, script: 30000}, unhandledPromptBehavior: dismiss and notify, webauthn:extension:credBlob: true, webauthn:extension:largeBlob: true, webauthn:extension:minPinLength: true, webauthn:extension:prf: true, webauthn:virtualAuthenticators: true}
Session ID: aa80552d6cef454ff0d27af7354f57ff
	at org.openqa.selenium.remote.codec.w3c.W3CHttpResponseCodec.createException(W3CHttpResponseCodec.java:200)
	at org.openqa.selenium.remote.codec.w3c.W3CHttpResponseCodec.decode(W3CHttpResponseCodec.java:133)
	at org.openqa.selenium.remote.codec.w3c.W3CHttpResponseCodec.decode(W3CHttpResponseCodec.java:52)
	at org.openqa.selenium.remote.HttpCommandExecutor.execute(HttpCommandExecutor.java:191)
	at org.openqa.selenium.remote.service.DriverCommandExecutor.invokeExecute(DriverCommandExecutor.java:196)
	at org.openqa.selenium.remote.service.DriverCommandExecutor.execute(DriverCommandExecutor.java:171)
	at org.openqa.selenium.remote.RemoteWebDriver.execute(RemoteWebDriver.java:602)
	at org.openqa.selenium.remote.ElementLocation$ElementFinder$2.findElement(ElementLocation.java:165)
	at org.openqa.selenium.remote.ElementLocation.findElement(ElementLocation.java:59)
	at org.openqa.selenium.remote.RemoteWebDriver.findElement(RemoteWebDriver.java:359)
	at org.openqa.selenium.remote.RemoteWebDriver.findElement(RemoteWebDriver.java:353)
	at advanceSelenium.TC_DWS_010.toCheckWishlistPage(TC_DWS_010.java:14)
	at java.base/java.util.ArrayList.forEach(ArrayList.java:1511)
... Removed 32 stack frames</pre></div><a href='#' onClick='toggleBox("stack-trace1945915791", this, "Click to show all stack frames", "Click to hide stack frames")'>Click to show all stack frames</a>
<div class='stack-trace' id='stack-trace1945915791'><pre>org.openqa.selenium.NoSuchElementException: no such element: Unable to locate element: {&quot;method&quot;:&quot;xpath&quot;,&quot;selector&quot;:&quot;//h1[text()=&apos;Wishlist&apos;]&quot;}
  (Session info: chrome=120.0.6099.130)
For documentation on this error, please visit: https://www.selenium.dev/documentation/webdriver/troubleshooting/errors#no-such-element-exception
Build info: version: &apos;4.12.1&apos;, revision: &apos;8e34639b11&apos;
System info: os.name: &apos;Windows 10&apos;, os.arch: &apos;amd64&apos;, os.version: &apos;10.0&apos;, java.version: &apos;17.0.9&apos;
Driver info: org.openqa.selenium.chrome.ChromeDriver
Command: [aa80552d6cef454ff0d27af7354f57ff, findElement {using=xpath, value=//h1[text()=&apos;Wishlist&apos;]}]
Capabilities {acceptInsecureCerts: false, browserName: chrome, browserVersion: 120.0.6099.130, chrome: {chromedriverVersion: 120.0.6099.109 (3419140ab66..., userDataDir: C:\Users\Karan\AppData\Loca...}, fedcm:accounts: true, goog:chromeOptions: {debuggerAddress: localhost:59806}, networkConnectionEnabled: false, pageLoadStrategy: normal, platformName: windows, proxy: Proxy(), se:cdp: ws://localhost:59806/devtoo..., se:cdpVersion: 120.0.6099.130, setWindowRect: true, strictFileInteractability: false, timeouts: {implicit: 0, pageLoad: 300000, script: 30000}, unhandledPromptBehavior: dismiss and notify, webauthn:extension:credBlob: true, webauthn:extension:largeBlob: true, webauthn:extension:minPinLength: true, webauthn:extension:prf: true, webauthn:virtualAuthenticators: true}
Session ID: aa80552d6cef454ff0d27af7354f57ff
	at java.base/jdk.internal.reflect.NativeConstructorAccessorImpl.newInstance0(Native Method)
	at java.base/jdk.internal.reflect.NativeConstructorAccessorImpl.newInstance(NativeConstructorAccessorImpl.java:77)
	at java.base/jdk.internal.reflect.DelegatingConstructorAccessorImpl.newInstance(DelegatingConstructorAccessorImpl.java:45)
	at java.base/java.lang.reflect.Constructor.newInstanceWithCaller(Constructor.java:499)
	at java.base/java.lang.reflect.Constructor.newInstance(Constructor.java:480)
	at org.openqa.selenium.remote.codec.w3c.W3CHttpResponseCodec.createException(W3CHttpResponseCodec.java:200)
	at org.openqa.selenium.remote.codec.w3c.W3CHttpResponseCodec.decode(W3CHttpResponseCodec.java:133)
	at org.openqa.selenium.remote.codec.w3c.W3CHttpResponseCodec.decode(W3CHttpResponseCodec.java:52)
	at org.openqa.selenium.remote.HttpCommandExecutor.execute(HttpCommandExecutor.java:191)
	at org.openqa.selenium.remote.service.DriverCommandExecutor.invokeExecute(DriverCommandExecutor.java:196)
	at org.openqa.selenium.remote.service.DriverCommandExecutor.execute(DriverCommandExecutor.java:171)
	at org.openqa.selenium.remote.RemoteWebDriver.execute(RemoteWebDriver.java:602)
	at org.openqa.selenium.remote.ElementLocation$ElementFinder$2.findElement(ElementLocation.java:165)
	at org.openqa.selenium.remote.ElementLocation.findElement(ElementLocation.java:59)
	at org.openqa.selenium.remote.RemoteWebDriver.findElement(RemoteWebDriver.java:359)
	at org.openqa.selenium.remote.RemoteWebDriver.findElement(RemoteWebDriver.java:353)
	at advanceSelenium.TC_DWS_010.toCheckWishlistPage(TC_DWS_010.java:14)
	at java.base/jdk.internal.reflect.NativeMethodAccessorImpl.invoke0(Native Method)
	at java.base/jdk.internal.reflect.NativeMethodAccessorImpl.invoke(NativeMethodAccessorImpl.java:77)
	at java.base/jdk.internal.reflect.DelegatingMethodAccessorImpl.invoke(DelegatingMethodAccessorImpl.java:43)
	at java.base/java.lang.reflect.Method.invoke(Method.java:568)
	at org.testng.internal.MethodInvocationHelper.invokeMethod(MethodInvocationHelper.java:133)
	at org.testng.internal.TestInvoker.invokeMethod(TestInvoker.java:598)
	at org.testng.internal.TestInvoker.invokeTestMethod(TestInvoker.java:173)
	at org.testng.internal.MethodRunner.runInSequence(MethodRunner.java:46)
	at org.testng.internal.TestInvoker$MethodInvocationAgent.invoke(TestInvoker.java:824)
	at org.testng.internal.TestInvoker.invokeTestMethods(TestInvoker.java:146)
	at org.testng.internal.TestMethodWorker.invokeTestMethods(TestMethodWorker.java:146)
	at org.testng.internal.TestMethodWorker.run(TestMethodWorker.java:128)
	at java.base/java.util.ArrayList.forEach(ArrayList.java:1511)
	at org.testng.TestRunner.privateRun(TestRunner.java:794)
	at org.testng.TestRunner.run(TestRunner.java:596)
	at org.testng.SuiteRunner.runTest(SuiteRunner.java:377)
	at org.testng.SuiteRunner.runSequentially(SuiteRunner.java:371)
	at org.testng.SuiteRunner.privateRun(SuiteRunner.java:332)
	at org.testng.SuiteRunner.run(SuiteRunner.java:276)
	at org.testng.SuiteRunnerWorker.runSuite(SuiteRunnerWorker.java:53)
	at org.testng.SuiteRunnerWorker.run(SuiteRunnerWorker.java:96)
	at org.testng.TestNG.runSuitesSequentially(TestNG.java:1212)
	at org.testng.TestNG.runSuitesLocally(TestNG.java:1134)
	at org.testng.TestNG.runSuites(TestNG.java:1063)
	at org.testng.TestNG.run(TestNG.java:1031)
	at org.testng.remote.AbstractRemoteTestNG.run(AbstractRemoteTestNG.java:115)
	at org.testng.remote.RemoteTestNG.initAndRun(RemoteTestNG.java:251)
	at org.testng.remote.RemoteTestNG.main(RemoteTestNG.java:77)
</pre></div></td>
<td>15</td>
<td>advanceSelenium.TC_DWS_010@20ce78ec</td></tr>
</table><p>
<table width='100%' border='1' class='invocation-passed'>
<tr><td colspan='4' align='center'><b>PASSED TESTS</b></td></tr>
<tr><td><b>Test method</b></td>
<td width="30%"><b>Exception</b></td>
<td width="10%"><b>Time (seconds)</b></td>
<td><b>Instance</b></td>
</tr>
<tr>
<td title='advanceSelenium.TC_DWS_007.toCheckGiftCardsPage()'><b>toCheckGiftCardsPage</b><br>Test class: advanceSelenium.TC_DWS_007<br/>
<a href="#Output-2143700452" onClick='toggleBox("Output-2143700452", this, "Show output", "Hide output");'>Show output</a>

<a href="#Output-2143700452" onClick="toggleAllBoxes();">Show all outputs</a>
<div class='log' id="Output-2143700452">
TstCase 007 got executed Successfully<br/>
</div>
</td>
<td></td>
<td>0</td>
<td>advanceSelenium.TC_DWS_007@1dde4cb2</td></tr>
<tr>
<td title='advanceSelenium.TC_DWS_009.toCheckShoppingcartPage()'><b>toCheckShoppingcartPage</b><br>Test class: advanceSelenium.TC_DWS_009<br/>
<a href="#Output-2062209967" onClick='toggleBox("Output-2062209967", this, "Show output", "Hide output");'>Show output</a>

<a href="#Output-2062209967" onClick="toggleAllBoxes();">Show all outputs</a>
<div class='log' id="Output-2062209967">
TstCase 009 got executed Successfully<br/>
</div>
</td>
<td></td>
<td>0</td>
<td>advanceSelenium.TC_DWS_009@7714e963</td></tr>
<tr>
<td title='advanceSelenium.TC_DWS_002.toCheckComputerPage()'><b>toCheckComputerPage</b><br>Test class: advanceSelenium.TC_DWS_002<br/>
<a href="#Output-605201451" onClick='toggleBox("Output-605201451", this, "Show output", "Hide output");'>Show output</a>

<a href="#Output-605201451" onClick="toggleAllBoxes();">Show all outputs</a>
<div class='log' id="Output-605201451">
TstCase 002 got executed Successfully<br/>
</div>
</td>
<td></td>
<td>0</td>
<td>advanceSelenium.TC_DWS_002@393671df</td></tr>
<tr>
<td title='advanceSelenium.TC_DWS_008.toCheckTricentissPage()'><b>toCheckTricentissPage</b><br>Test class: advanceSelenium.TC_DWS_008<br/>
<a href="#Output-1338770454" onClick='toggleBox("Output-1338770454", this, "Show output", "Hide output");'>Show output</a>

<a href="#Output-1338770454" onClick="toggleAllBoxes();">Show all outputs</a>
<div class='log' id="Output-1338770454">
TstCase 008 got executed Successfully<br/>
</div>
</td>
<td></td>
<td>2</td>
<td>advanceSelenium.TC_DWS_008@16ec5519</td></tr>
<tr>
<td title='advanceSelenium.TC_DWS_005.toCheckDigitaldownloadsPage()'><b>toCheckDigitaldownloadsPage</b><br>Test class: advanceSelenium.TC_DWS_005<br/>
<a href="#Output-1657512321" onClick='toggleBox("Output-1657512321", this, "Show output", "Hide output");'>Show output</a>

<a href="#Output-1657512321" onClick="toggleAllBoxes();">Show all outputs</a>
<div class='log' id="Output-1657512321">
TstCase 005 got executed Successfully<br/>
</div>
</td>
<td></td>
<td>0</td>
<td>advanceSelenium.TC_DWS_005@1afd44cb</td></tr>
<tr>
<td title='advanceSelenium.TC_DWS_006.toCheckJewelryPage()'><b>toCheckJewelryPage</b><br>Test class: advanceSelenium.TC_DWS_006<br/>
<a href="#Output-844264574" onClick='toggleBox("Output-844264574", this, "Show output", "Hide output");'>Show output</a>

<a href="#Output-844264574" onClick="toggleAllBoxes();">Show all outputs</a>
<div class='log' id="Output-844264574">
TstCase 006 got executed Successfully<br/>
</div>
</td>
<td></td>
<td>1</td>
<td>advanceSelenium.TC_DWS_006@72057ecf</td></tr>
<tr>
<td title='advanceSelenium.TC_DWS_004.toCheckApparel_ShoesPage()'><b>toCheckApparel_ShoesPage</b><br>Test class: advanceSelenium.TC_DWS_004<br/>
<a href="#Output-654003462" onClick='toggleBox("Output-654003462", this, "Show output", "Hide output");'>Show output</a>

<a href="#Output-654003462" onClick="toggleAllBoxes();">Show all outputs</a>
<div class='log' id="Output-654003462">
TstCase 004 got executed Successfully<br/>
</div>
</td>
<td></td>
<td>1</td>
<td>advanceSelenium.TC_DWS_004@6eda5c9</td></tr>
<tr>
<td title='advanceSelenium.TC_DWS_003.toCheckElectronicsPage()'><b>toCheckElectronicsPage</b><br>Test class: advanceSelenium.TC_DWS_003<br/>
<a href="#Output-1727171103" onClick='toggleBox("Output-1727171103", this, "Show output", "Hide output");'>Show output</a>

<a href="#Output-1727171103" onClick="toggleAllBoxes();">Show all outputs</a>
<div class='log' id="Output-1727171103">
TstCase 003 got executed Successfully<br/>
</div>
</td>
<td></td>
<td>0</td>
<td>advanceSelenium.TC_DWS_003@192d43ce</td></tr>
<tr>
<td title='advanceSelenium.TC_DWS_001.toCheckBooksPage()'><b>toCheckBooksPage</b><br>Test class: advanceSelenium.TC_DWS_001<br/>
<a href="#Output-224219987" onClick='toggleBox("Output-224219987", this, "Show output", "Hide output");'>Show output</a>

<a href="#Output-224219987" onClick="toggleAllBoxes();">Show all outputs</a>
<div class='log' id="Output-224219987">
TstCase 001 got executed Successfully<br/>
</div>
</td>
<td></td>
<td>0</td>
<td>advanceSelenium.TC_DWS_001@56620197</td></tr>
</table><p>
</body>
</html>